	Exporter version: 4.4.2, Blender version: 2.77 (sub 0)
========= Conversion from Blender to Babylon.js =========
	Scene settings used:
		selected layers only:  false
		flat shading entire scene:  false
		inline textures:  false
		texture directory:  /home/gs/Desktop/github-repos/miscWebGLpages/miscWebGLpages_gh_pages/blender-scenes/
	Python World class constructor completed
	processing begun of camera (FreeCamera):  Camera
	processing begun of mesh:  Torus.002
		processing begun of Standard material:  Material
		processing begun of Standard material:  BLACK
		processing begun of Standard material:  Material.003
		processing begun of Standard material:  Material.001
		processing begun of multimaterial:  custom_speakers2.Multimaterial#0
		num positions      :  4918
		num normals        :  4918
		num uvs            :  9836
		num uvs2           :  0
		num colors         :  0
		num indices        :  26964
		WARNING: # of 0 area faces found:  96
	processing begun of mesh:  Torus.000
		processing begun of Standard material:  Material.002
		processing begun of Standard material:  BLACK.001
		processing begun of Standard material:  Material.004
		processing begun of Standard material:  Material.005
		processing begun of multimaterial:  custom_speakers2.Multimaterial#1
		num positions      :  4918
		num normals        :  4918
		num uvs            :  9836
		num uvs2           :  0
		num colors         :  0
		num indices        :  26964
		WARNING: # of 0 area faces found:  96
	processing begun of light (POINT):  Point
========= Writing of scene file started =========
========= Writing of scene file completed =========
========= end of processing =========
elapsed time:  0 min, 0.9464 secs
