	Exporter version: 4.4.2, Blender version: 2.77 (sub 0)
========= Conversion from Blender to Babylon.js =========
	Scene settings used:
		selected layers only:  false
		flat shading entire scene:  false
		inline textures:  false
		texture directory:  /home/gs/Desktop/github-repos/miscWebGLpages/blender-scenes/
	Python World class constructor completed
	WARNING: The following camera not visible in scene thus ignored: Camera
	processing begun of mesh:  speaker1.002
		processing begun of Standard material:  Material.001
		processing begun of Standard material:  Material.003
		processing begun of Standard material:  Material.005
		processing begun of multimaterial:  custom_speakers5.Multimaterial#0
		num positions      :  1932
		num normals        :  1932
		num uvs            :  0
		num uvs2           :  0
		num colors         :  7728
		num indices        :  9894
	processing begun of mesh:  speaker1.001
		processing begun of Standard material:  Material.000
		processing begun of Standard material:  Material.002
		processing begun of Standard material:  Material.004
		processing begun of multimaterial:  custom_speakers5.Multimaterial#1
		num positions      :  1932
		num normals        :  1932
		num uvs            :  0
		num uvs2           :  0
		num colors         :  7728
		num indices        :  9894
	WARNING: The following lamp not visible in scene thus ignored: Lamp
========= Writing of scene file started =========
========= Writing of scene file completed =========
========= end of processing =========
elapsed time:  0 min, 0.3335 secs
