	Exporter version: 4.4.2, Blender version: 2.77 (sub 0)
========= Conversion from Blender to Babylon.js =========
	Scene settings used:
		selected layers only:  false
		flat shading entire scene:  false
		inline textures:  false
		texture directory:  /home/gs/Desktop/github-repos/miscWebGLpages/blender-scenes/
	Python World class constructor completed
	processing begun of mesh:  Cone
		WARNING: No materials have been assigned: 
		num positions      :  33
		num normals        :  33
		num uvs            :  0
		num uvs2           :  0
		num colors         :  0
		num indices        :  96
	WARNING: The following camera not visible in scene thus ignored: Camera
	processing begun of mesh:  Cone.001
		WARNING: No materials have been assigned: 
		num positions      :  33
		num normals        :  33
		num uvs            :  0
		num uvs2           :  0
		num colors         :  0
		num indices        :  96
	processing begun of mesh:  Cone.002
		WARNING: No materials have been assigned: 
		num positions      :  33
		num normals        :  33
		num uvs            :  0
		num uvs2           :  0
		num colors         :  0
		num indices        :  96
	processing begun of mesh:  Cube
		processing begun of baked material:  Cube
			Cycles baking texture, type: DIFFUSE_COLOR, mapped using: BakingUV
========= An error was encountered =========
  File "/usr/share/blender/2.77/scripts/addons/io_export_babylon.py", line 329, in execute
    mesh = Mesh(object, scene, nextStartFace, forcedParent, nameID, self)
  File "/usr/share/blender/2.77/scripts/addons/io_export_babylon.py", line 785, in __init__
    bakedMat = BakedMaterial(exporter, object, recipe)
  File "/usr/share/blender/2.77/scripts/addons/io_export_babylon.py", line 2131, in __init__
    self.bake('diffuseTexture', 'DIFFUSE_COLOR', 'TEXTURE', image, mesh, uvName, exporter, recipe)
  File "/usr/share/blender/2.77/scripts/addons/io_export_babylon.py", line 2163, in bake
    self.bakeCycles(cycles_type, image, uvName, recipe.nodeTrees)
  File "/usr/share/blender/2.77/scripts/addons/io_export_babylon.py", line 2211, in bakeCycles
    bpy.ops.object.bake(type = bake_type, use_clear = True, margin = 5, use_selected_to_active = False)
  File "/usr/share/blender/2.77/scripts/modules/bpy/ops.py", line 189, in __call__
    ret = op_call(self.idname_py(), None, kw)
ERROR:  Converting py args to operator properties:  enum "DIFFUSE_COLOR" not found in ('COMBINED', 'AO', 'SHADOW', 'NORMAL', 'UV', 'EMIT', 'ENVIRONMENT', 'DIFFUSE', 'GLOSSY', 'TRANSMISSION', 'SUBSURFACE')
========= end of processing =========
elapsed time:  0 min, 0.0101 secs
