	Exporter version: 4.4.2, Blender version: 2.77 (sub 0)
========= Conversion from Blender to Babylon.js =========
	Scene settings used:
		selected layers only:  false
		flat shading entire scene:  false
		inline textures:  false
		texture directory:  /home/gs/Desktop/github-repos/miscWebGLpages/miscWebGLpages_gh_pages/blender-scenes/
	Python World class constructor completed
	processing begun of camera (FreeCamera):  Camera
	processing begun of mesh:  Cylinder.008
		processing begun of Standard material:  Material.004
			Diffuse texture found "Texture.002"
				Image texture found, type:  diffuseTexture, mapped using: "UVMap"
		num positions      :  29048
		num normals        :  29048
		num uvs            :  58096
		num uvs2           :  0
		num colors         :  116192
		num indices        :  33990
	processing begun of light (POINT):  Lamp
========= Writing of scene file started =========
========= Writing of scene file completed =========
========= end of processing =========
elapsed time:  0 min, 1.237 secs
